<?xml version="1.0" encoding="UTF-8"?>
<!-- Generated by org.testng.reporters.JUnitReportReporter -->
<testsuite hostname="DESKTOP-5TN5CVM" failures="0" tests="6" name="AutomationTestSuite" time="3.938" errors="0" timestamp="2025-04-23T11:33:36 EET" skipped="4">
  <testcase classname="AutomationTestSuite" name="TestCheckbox" time="0.237"/>
  <testcase classname="AutomationTestSuite" name="TestSwitchTab" time="3.701"/>
  <testcase classname="AutomationTestSuite" name="TestDynamicDDL">
    <skipped/>
  </testcase> <!-- TestDynamicDDL -->
  <testcase classname="AutomationTestSuite" name="TestStaticDDL">
    <skipped/>
  </testcase> <!-- TestStaticDDL -->
  <testcase classname="AutomationTestSuite" name="TestSwitchWindow">
    <skipped/>
  </testcase> <!-- TestSwitchWindow -->
  <testcase classname="AutomationTestSuite" name="TestRadioBtnSelection">
    <skipped/>
  </testcase> <!-- TestRadioBtnSelection -->
</testsuite> <!-- AutomationTestSuite -->
