<?xml version="1.0" encoding="UTF-8"?>
<!-- Generated by org.testng.reporters.JUnitReportReporter -->
<testsuite hostname="DESKTOP-5TN5CVM" failures="0" tests="2" name="AutomationTestSuite" time="0.909" errors="0" timestamp="2025-04-22T14:48:20 EET" skipped="0">
  <testcase classname="AutomationTestSuite" name="TestRadioBtnSelection" time="0.162"/>
  <testcase classname="AutomationTestSuite" name="TestDynamicDDL" time="0.747"/>
</testsuite> <!-- AutomationTestSuite -->
